<?xml version="1.0" encoding="UTF-8"?>
<!-- Generated by org.testng.reporters.JUnitReportReporter -->
<testsuite hostname="LAPTOP-2O7GK8PE" failures="0" tests="2" name="runner.TestRunner" time="81.657" errors="0" timestamp="2025-09-09T14:06:27 IST" skipped="0">
  <testcase classname="runner.TestRunner" name="runScenario" time="52.407"/>
  <testcase classname="runner.TestRunner" name="runScenario" time="29.250"/>
</testsuite> <!-- runner.TestRunner -->
