<?xml version="1.0" encoding="UTF-8"?>
<!-- Generated by org.testng.reporters.JUnitReportReporter -->
<testsuite hostname="LAPTOP-2O7GK8PE" failures="0" tests="5" name="runner.TestRunner" time="0.255" errors="5" timestamp="2025-09-06T12:38:10 IST" skipped="0">
  <testcase classname="runner.TestRunner" name="runScenario" time="0.019">
    <error message="The step &#039;the user is on the login page&#039; and 2 other step(s) are undefined.
You can implement these steps using the snippet(s) below:

@Given(&quot;the user is on the login page&quot;)
public void the_user_is_on_the_login_page() {
    // Write code here that turns the phrase above into concrete actions
    throw new io.cucumber.java.PendingException();
}
@When(&quot;the user enters a invalid phone number&quot;)
public void the_user_enters_a_invalid_phone_number() {
    // Write code here that turns the phrase above into concrete actions
    throw new io.cucumber.java.PendingException();
}
@Then(&quot;an error message {string} should be shown&quot;)
public void an_error_message_should_be_shown(String string) {
    // Write code here that turns the phrase above into concrete actions
    throw new io.cucumber.java.PendingException();
}
" type="io.cucumber.testng.UndefinedStepException">
      <![CDATA[io.cucumber.testng.UndefinedStepException: The step 'the user is on the login page' and 2 other step(s) are undefined.
You can implement these steps using the snippet(s) below:

@Given("the user is on the login page")
public void the_user_is_on_the_login_page() {
    // Write code here that turns the phrase above into concrete actions
    throw new io.cucumber.java.PendingException();
}
@When("the user enters a invalid phone number")
public void the_user_enters_a_invalid_phone_number() {
    // Write code here that turns the phrase above into concrete actions
    throw new io.cucumber.java.PendingException();
}
@Then("an error message {string} should be shown")
public void an_error_message_should_be_shown(String string) {
    // Write code here that turns the phrase above into concrete actions
    throw new io.cucumber.java.PendingException();
}

at ✽.the user is on the login page(file:///C:/Users/yogab/eclipse-workspace/NoBroker_Testing_App/src/test/resources/features/login.feature:10)
]]>
    </error>
  </testcase> <!-- runScenario -->
  <testcase classname="runner.TestRunner" name="runScenario" time="0.013">
    <error message="The step &#039;the user is on the login page&#039; and 2 other step(s) are undefined.
You can implement these steps using the snippet(s) below:

@Given(&quot;the user is on the login page&quot;)
public void the_user_is_on_the_login_page() {
    // Write code here that turns the phrase above into concrete actions
    throw new io.cucumber.java.PendingException();
}
@When(&quot;the user enters a valid phone number and invalid OTP&quot;)
public void the_user_enters_a_valid_phone_number_and_invalid_otp() {
    // Write code here that turns the phrase above into concrete actions
    throw new io.cucumber.java.PendingException();
}
@Then(&quot;an error message {string} should be shown&quot;)
public void an_error_message_should_be_shown(String string) {
    // Write code here that turns the phrase above into concrete actions
    throw new io.cucumber.java.PendingException();
}
" type="io.cucumber.testng.UndefinedStepException">
      <![CDATA[io.cucumber.testng.UndefinedStepException: The step 'the user is on the login page' and 2 other step(s) are undefined.
You can implement these steps using the snippet(s) below:

@Given("the user is on the login page")
public void the_user_is_on_the_login_page() {
    // Write code here that turns the phrase above into concrete actions
    throw new io.cucumber.java.PendingException();
}
@When("the user enters a valid phone number and invalid OTP")
public void the_user_enters_a_valid_phone_number_and_invalid_otp() {
    // Write code here that turns the phrase above into concrete actions
    throw new io.cucumber.java.PendingException();
}
@Then("an error message {string} should be shown")
public void an_error_message_should_be_shown(String string) {
    // Write code here that turns the phrase above into concrete actions
    throw new io.cucumber.java.PendingException();
}

at ✽.the user is on the login page(file:///C:/Users/yogab/eclipse-workspace/NoBroker_Testing_App/src/test/resources/features/login.feature:15)
]]>
    </error>
  </testcase> <!-- runScenario -->
  <testcase classname="runner.TestRunner" name="runScenario" time="0.197">
    <error message="The step &#039;the user is on the login page&#039; and 3 other step(s) are undefined.
You can implement these steps using the snippet(s) below:

@Given(&quot;the user is on the login page&quot;)
public void the_user_is_on_the_login_page() {
    // Write code here that turns the phrase above into concrete actions
    throw new io.cucumber.java.PendingException();
}
@When(&quot;the user enters a valid phone number and OTP&quot;)
public void the_user_enters_a_valid_phone_number_and_otp() {
    // Write code here that turns the phrase above into concrete actions
    throw new io.cucumber.java.PendingException();
}
@Then(&quot;the user should be logged in successfully&quot;)
public void the_user_should_be_logged_in_successfully() {
    // Write code here that turns the phrase above into concrete actions
    throw new io.cucumber.java.PendingException();
}
@Then(&quot;the dashboard should be displayed&quot;)
public void the_dashboard_should_be_displayed() {
    // Write code here that turns the phrase above into concrete actions
    throw new io.cucumber.java.PendingException();
}
" type="io.cucumber.testng.UndefinedStepException">
      <![CDATA[io.cucumber.testng.UndefinedStepException: The step 'the user is on the login page' and 3 other step(s) are undefined.
You can implement these steps using the snippet(s) below:

@Given("the user is on the login page")
public void the_user_is_on_the_login_page() {
    // Write code here that turns the phrase above into concrete actions
    throw new io.cucumber.java.PendingException();
}
@When("the user enters a valid phone number and OTP")
public void the_user_enters_a_valid_phone_number_and_otp() {
    // Write code here that turns the phrase above into concrete actions
    throw new io.cucumber.java.PendingException();
}
@Then("the user should be logged in successfully")
public void the_user_should_be_logged_in_successfully() {
    // Write code here that turns the phrase above into concrete actions
    throw new io.cucumber.java.PendingException();
}
@Then("the dashboard should be displayed")
public void the_dashboard_should_be_displayed() {
    // Write code here that turns the phrase above into concrete actions
    throw new io.cucumber.java.PendingException();
}

at ✽.the user is on the login page(file:///C:/Users/yogab/eclipse-workspace/NoBroker_Testing_App/src/test/resources/features/login.feature:4)
]]>
    </error>
  </testcase> <!-- runScenario -->
  <testcase classname="runner.TestRunner" name="runScenario" time="0.014">
    <error message="The step &#039;the user is on the login page&#039; and 2 other step(s) are undefined.
You can implement these steps using the snippet(s) below:

@Given(&quot;the user is on the login page&quot;)
public void the_user_is_on_the_login_page() {
    // Write code here that turns the phrase above into concrete actions
    throw new io.cucumber.java.PendingException();
}
@When(&quot;the user enters a valid phone number and invalid OTP&quot;)
public void the_user_enters_a_valid_phone_number_and_invalid_otp() {
    // Write code here that turns the phrase above into concrete actions
    throw new io.cucumber.java.PendingException();
}
@Then(&quot;an error message {string} should be shown&quot;)
public void an_error_message_should_be_shown(String string) {
    // Write code here that turns the phrase above into concrete actions
    throw new io.cucumber.java.PendingException();
}
" type="io.cucumber.testng.UndefinedStepException">
      <![CDATA[io.cucumber.testng.UndefinedStepException: The step 'the user is on the login page' and 2 other step(s) are undefined.
You can implement these steps using the snippet(s) below:

@Given("the user is on the login page")
public void the_user_is_on_the_login_page() {
    // Write code here that turns the phrase above into concrete actions
    throw new io.cucumber.java.PendingException();
}
@When("the user enters a valid phone number and invalid OTP")
public void the_user_enters_a_valid_phone_number_and_invalid_otp() {
    // Write code here that turns the phrase above into concrete actions
    throw new io.cucumber.java.PendingException();
}
@Then("an error message {string} should be shown")
public void an_error_message_should_be_shown(String string) {
    // Write code here that turns the phrase above into concrete actions
    throw new io.cucumber.java.PendingException();
}

at ✽.the user is on the login page(file:///C:/Users/yogab/eclipse-workspace/NoBroker_Testing_App/src/test/resources/features/login.feature:15)
]]>
    </error>
  </testcase> <!-- runScenario -->
  <testcase classname="runner.TestRunner" name="runScenario" time="0.012">
    <error message="The step &#039;the user is on the login page&#039; and 2 other step(s) are undefined.
You can implement these steps using the snippet(s) below:

@Given(&quot;the user is on the login page&quot;)
public void the_user_is_on_the_login_page() {
    // Write code here that turns the phrase above into concrete actions
    throw new io.cucumber.java.PendingException();
}
@When(&quot;the user enters a valid phone number and invalid OTP&quot;)
public void the_user_enters_a_valid_phone_number_and_invalid_otp() {
    // Write code here that turns the phrase above into concrete actions
    throw new io.cucumber.java.PendingException();
}
@Then(&quot;an error message {string} should be shown&quot;)
public void an_error_message_should_be_shown(String string) {
    // Write code here that turns the phrase above into concrete actions
    throw new io.cucumber.java.PendingException();
}
" type="io.cucumber.testng.UndefinedStepException">
      <![CDATA[io.cucumber.testng.UndefinedStepException: The step 'the user is on the login page' and 2 other step(s) are undefined.
You can implement these steps using the snippet(s) below:

@Given("the user is on the login page")
public void the_user_is_on_the_login_page() {
    // Write code here that turns the phrase above into concrete actions
    throw new io.cucumber.java.PendingException();
}
@When("the user enters a valid phone number and invalid OTP")
public void the_user_enters_a_valid_phone_number_and_invalid_otp() {
    // Write code here that turns the phrase above into concrete actions
    throw new io.cucumber.java.PendingException();
}
@Then("an error message {string} should be shown")
public void an_error_message_should_be_shown(String string) {
    // Write code here that turns the phrase above into concrete actions
    throw new io.cucumber.java.PendingException();
}

at ✽.the user is on the login page(file:///C:/Users/yogab/eclipse-workspace/NoBroker_Testing_App/src/test/resources/features/login.feature:15)
]]>
    </error>
  </testcase> <!-- runScenario -->
</testsuite> <!-- runner.TestRunner -->
