<?xml version="1.0" encoding="UTF-8"?>
<!-- Generated by org.testng.reporters.JUnitReportReporter -->
<testsuite hostname="LAPTOP-2O7GK8PE" failures="0" tests="3" name="runner.TestRunner" time="50.059" errors="0" timestamp="2025-09-10T19:12:42 IST" skipped="0">
  <testcase classname="runner.TestRunner" name="runScenario" time="12.304"/>
  <testcase classname="runner.TestRunner" name="runScenario" time="15.290"/>
  <testcase classname="runner.TestRunner" name="runScenario" time="22.465"/>
</testsuite> <!-- runner.TestRunner -->
