<?xml version="1.0" encoding="UTF-8"?>
<!-- Generated by org.testng.reporters.JUnitReportReporter -->
<testsuite hostname="LAPTOP-2O7GK8PE" failures="0" tests="2" name="runner.TestRunner" time="146.817" errors="0" timestamp="2025-09-11T13:35:45 IST" skipped="0">
  <testcase classname="runner.TestRunner" name="runScenario" time="48.441"/>
  <testcase classname="runner.TestRunner" name="runScenario" time="98.376"/>
</testsuite> <!-- runner.TestRunner -->
