<?xml version="1.0" encoding="UTF-8"?>
<!-- Generated by org.testng.reporters.JUnitReportReporter -->
<testsuite hostname="LAPTOP-2O7GK8PE" failures="0" tests="1" name="runner.TestRunner" time="6.475" errors="1" timestamp="2025-09-10T01:24:01 IST" skipped="0">
  <testcase classname="runner.TestRunner" name="runScenario" time="6.475">
    <error message="Locator must be set" type="java.lang.IllegalArgumentException">
      <![CDATA[java.lang.IllegalArgumentException: Locator must be set
at org.openqa.selenium.internal.Require.nonNull(Require.java:61)
at org.openqa.selenium.remote.RemoteWebDriver.findElement(RemoteWebDriver.java:360)
at pages.LoginPage.clickLogin(LoginPage.java:32)
at stepdefinitions.LoginSteps.the_user_enters_a_valid_phone_number(LoginSteps.java:49)
at âœ½.the user enters a valid phone number(file:///C:/Users/Public/Eclipse_Projects/NoBroker_Testing_App/src/test/resources/features/property.feature:6)
]]>
    </error>
  </testcase> <!-- runScenario -->
</testsuite> <!-- runner.TestRunner -->
