<?xml version="1.0" encoding="UTF-8"?>
<!-- Generated by org.testng.reporters.JUnitReportReporter -->
<testsuite hostname="LAPTOP-2O7GK8PE" failures="0" tests="10" name="runner.TestRunner" time="322.908" errors="0" timestamp="2025-09-13T16:16:32 IST" skipped="0">
  <testcase classname="runner.TestRunner" name="runScenario" time="54.476"/>
  <testcase classname="runner.TestRunner" name="runScenario" time="8.459"/>
  <testcase classname="runner.TestRunner" name="runScenario" time="10.437"/>
  <testcase classname="runner.TestRunner" name="runScenario" time="162.010"/>
  <testcase classname="runner.TestRunner" name="runScenario" time="9.262"/>
  <testcase classname="runner.TestRunner" name="runScenario" time="24.662"/>
  <testcase classname="runner.TestRunner" name="runScenario" time="13.296"/>
  <testcase classname="runner.TestRunner" name="runScenario" time="10.459"/>
  <testcase classname="runner.TestRunner" name="runScenario" time="16.593"/>
  <testcase classname="runner.TestRunner" name="runScenario" time="13.254"/>
</testsuite> <!-- runner.TestRunner -->
