<?xml version="1.0" encoding="UTF-8"?>
<!-- Generated by org.testng.reporters.JUnitReportReporter -->
<testsuite hostname="LAPTOP-2O7GK8PE" failures="0" tests="1" name="runner.TestRunner" time="45.208" errors="0" timestamp="2025-09-10T00:57:02 IST" skipped="0">
  <testcase classname="runner.TestRunner" name="runScenario" time="45.208"/>
</testsuite> <!-- runner.TestRunner -->
