<?xml version="1.0" encoding="UTF-8"?>
<!-- Generated by org.testng.reporters.JUnitReportReporter -->
<<<<<<< HEAD
<testsuite hostname="LAPTOP-2O7GK8PE" failures="0" tests="2" name="runner.TestRunner" time="81.657" errors="0" timestamp="2025-09-09T14:06:27 IST" skipped="0">
  <testcase classname="runner.TestRunner" name="runScenario" time="52.407"/>
  <testcase classname="runner.TestRunner" name="runScenario" time="29.250"/>
=======
<testsuite hostname="LAPTOP-2O7GK8PE" failures="0" tests="3" name="runner.TestRunner" time="53.709" errors="0" timestamp="2025-09-07T13:47:44 IST" skipped="0">
  <testcase classname="runner.TestRunner" name="runScenario" time="10.025"/>
  <testcase classname="runner.TestRunner" name="runScenario" time="9.931"/>
  <testcase classname="runner.TestRunner" name="runScenario" time="33.753"/>
>>>>>>> 7f55e8c1ecec4269fb2e56e35dd8805186458bce
</testsuite> <!-- runner.TestRunner -->
